Sending build context to Docker daemon  478.8MB
Step 1/30 : FROM ubuntu:18.04
 ---> 5d2df19066ac
Step 2/30 : USER root
 ---> Using cache
 ---> 4cd684ad73e5
Step 3/30 : RUN apt-get update && apt-get install -y build-essential apt-utils wget gcc-5 g++-5 automake gfortran
 ---> Using cache
 ---> 2e23d483543b
Step 4/30 : RUN apt-get update && apt-get install -y zlib1g-dev bzip2 libbz2-dev liblzma-dev libcurl4-openssl-dev default-jre
 ---> Using cache
 ---> d55180f166c5
Step 5/30 : WORKDIR /usr/lib
 ---> Using cache
 ---> 9e6b2dd0dd86
Step 6/30 : RUN wget https://ftp.exim.org/pub/pcre/pcre2-10.37.tar.gz && tar -xzvf pcre2-10.37.tar.gz
 ---> Using cache
 ---> 31642b39d143
Step 7/30 : WORKDIR /usr/lib/pcre2-10.37
 ---> Using cache
 ---> a0c0d8bdb44a
Step 8/30 : RUN ./configure
 ---> Using cache
 ---> 11a83b9c7e32
Step 9/30 : RUN make -j 1
 ---> Using cache
 ---> 75a8d00bb67a
Step 10/30 : RUN make install
 ---> Using cache
 ---> c8365d1516b8
Step 11/30 : WORKDIR /usr/lib
 ---> Using cache
 ---> cb81bc1ff58e
Step 12/30 : RUN wget https://cran.r-project.org/src/base/R-4/R-4.2.0.tar.gz && tar -xzvf R-4.2.0.tar.gz
 ---> Using cache
 ---> 0b8cb6f54c2c
Step 13/30 : WORKDIR /usr/lib/R-4.2.0
 ---> Using cache
 ---> 99d84c5595f8
Step 14/30 : RUN ./configure --with-readline=no --with-x=no
 ---> Using cache
 ---> 1bb93935bcac
Step 15/30 : RUN make -j 1
 ---> Using cache
 ---> ac59ea549171
Step 16/30 : RUN make install
 ---> Using cache
 ---> 6a3338bd7605
Step 17/30 : RUN apt-get update && apt-get install -y gnuplot5 git ghostscript groff vim libtool
 ---> Using cache
 ---> 5fd8302e5b1b
Step 18/30 : RUN mkdir /home/epacts && chmod 777 /home/epacts
 ---> Using cache
 ---> b6b1c1a8228f
Step 19/30 : RUN ln -s /usr/bin/gcc-5 /usr/local/bin/gcc
 ---> Using cache
 ---> 2a95b49d7b52
Step 20/30 : RUN ln -s /usr/bin/g++-5 /usr/local/bin/g++
 ---> Using cache
 ---> b7c9902c3804
Step 21/30 : ENV PATH=/usr/local/bin:$PATH
 ---> Using cache
 ---> 3a4ebfffd814
Step 22/30 : WORKDIR /
 ---> Using cache
 ---> 36097d9f65ec
Step 23/30 : RUN git clone https://github.com/ClaudioCappadona/EPACTS_SKATOh.git --single-branch --branch SKATOh_test
 ---> Using cache
 ---> f8ccaaba03ba
Step 24/30 : WORKDIR /EPACTS_SKATOh
 ---> Using cache
 ---> 61ac7b192435
Step 25/30 : RUN autoreconf -vfi
 ---> Using cache
 ---> 8fa9143a671c
Step 26/30 : RUN CC="gcc-5" CXX="g++-5" ./configure --prefix /home/epacts
 ---> Using cache
 ---> c8d1b0c20e6c
Step 27/30 : RUN make -j 1
 ---> Using cache
 ---> 662d11c0c8be
Step 28/30 : RUN make -j 1 install
 ---> Using cache
 ---> 135d7e6e8f82
Step 29/30 : ENV EPACTS_DIR=/home/epacts
 ---> Using cache
 ---> 08ccf29ebf1c
Step 30/30 : RUN R -e 'install.packages("SKAT", repos = "https://cran.r-project.org")'
 ---> Using cache
 ---> 5e5d30fc966a
Successfully built 5e5d30fc966a
Successfully tagged compile_r4.2:latest
