This file contains any messages produced by compilers while
running configure, to aid debugging if configure makes a mistake.

It was created by EPACTS configure 3.3.0, which was
generated by GNU Autoconf 2.69.  Invocation command line was

  $ ./configure --prefix=/net/wonderland/home/dtaliun/EPACTS_local/ --no-create --no-recursion

## --------- ##
## Platform. ##
## --------- ##

hostname = node5
uname -m = x86_64
uname -r = 4.19.0-17-amd64
uname -s = Linux
uname -v = #1 SMP Debian 4.19.194-3 (2021-07-18)

/usr/bin/uname -p = unknown
/bin/uname -X     = unknown

/bin/arch              = x86_64
/usr/bin/arch -k       = unknown
/usr/convex/getsysinfo = unknown
/usr/bin/hostinfo      = unknown
/bin/machine           = unknown
/usr/bin/oslevel       = unknown
/bin/universe          = unknown

PATH: /home/asselta/ccappadona/software
PATH: /home/asselta/ccappadona/bash_scripts
PATH: /usr/local/bin
PATH: /usr/bin
PATH: /bin
PATH: /usr/local/games
PATH: /usr/games


## ----------- ##
## Core tests. ##
## ----------- ##

configure:2607: checking for a BSD-compatible install
configure:2675: result: /usr/bin/install -c
configure:2686: checking whether build environment is sane
configure:2741: result: yes
configure:2892: checking for a thread-safe mkdir -p
configure:2931: result: /usr/bin/mkdir -p
configure:2938: checking for gawk
configure:2954: found /usr/bin/gawk
configure:2965: result: gawk
configure:2976: checking whether make sets $(MAKE)
configure:2998: result: yes
configure:3027: checking whether make supports nested variables
configure:3044: result: yes
configure:3205: checking build system type
configure:3219: result: x86_64-pc-linux-gnu
configure:3239: checking host system type
configure:3252: result: x86_64-pc-linux-gnu
configure:3293: checking how to print strings
configure:3320: result: printf
configure:3345: checking whether make supports the include directive
configure:3360: make -f confmf.GNU && cat confinc.out
make[1]: Entering directory '/home/asselta/ccappadona/software/EPACTS_SKATOh'
make[1]: Leaving directory '/home/asselta/ccappadona/software/EPACTS_SKATOh'
this is the am__doit target
configure:3363: $? = 0
configure:3382: result: yes (GNU style)
configure:3452: checking for gcc
configure:3468: found /usr/bin/gcc
configure:3479: result: gcc
configure:3708: checking for C compiler version
configure:3717: gcc --version >&5
gcc (Debian 8.3.0-6) 8.3.0
Copyright (C) 2018 Free Software Foundation, Inc.
This is free software; see the source for copying conditions.  There is NO
warranty; not even for MERCHANTABILITY or FITNESS FOR A PARTICULAR PURPOSE.

configure:3728: $? = 0
configure:3717: gcc -v >&5
Using built-in specs.
COLLECT_GCC=gcc
COLLECT_LTO_WRAPPER=/usr/lib/gcc/x86_64-linux-gnu/8/lto-wrapper
OFFLOAD_TARGET_NAMES=nvptx-none
OFFLOAD_TARGET_DEFAULT=1
Target: x86_64-linux-gnu
Configured with: ../src/configure -v --with-pkgversion='Debian 8.3.0-6' --with-bugurl=file:///usr/share/doc/gcc-8/README.Bugs --enable-languages=c,ada,c++,go,brig,d,fortran,objc,obj-c++ --prefix=/usr --with-gcc-major-version-only --program-suffix=-8 --program-prefix=x86_64-linux-gnu- --enable-shared --enable-linker-build-id --libexecdir=/usr/lib --without-included-gettext --enable-threads=posix --libdir=/usr/lib --enable-nls --enable-bootstrap --enable-clocale=gnu --enable-libstdcxx-debug --enable-libstdcxx-time=yes --with-default-libstdcxx-abi=new --enable-gnu-unique-object --disable-vtable-verify --enable-libmpx --enable-plugin --enable-default-pie --with-system-zlib --with-target-system-zlib --enable-objc-gc=auto --enable-multiarch --disable-werror --with-arch-32=i686 --with-abi=m64 --with-multilib-list=m32,m64,mx32 --enable-multilib --with-tune=generic --enable-offload-targets=nvptx-none --without-cuda-driver --enable-checking=release --build=x86_64-linux-gnu --host=x86_64-linux-gnu --target=x86_64-linux-gnu
Thread model: posix
gcc version 8.3.0 (Debian 8.3.0-6) 
configure:3728: $? = 0
configure:3717: gcc -V >&5
gcc: error: unrecognized command line option '-V'
gcc: fatal error: no input files
compilation terminated.
configure:3728: $? = 1
configure:3717: gcc -qversion >&5
gcc: error: unrecognized command line option '-qversion'; did you mean '--version'?
gcc: fatal error: no input files
compilation terminated.
configure:3728: $? = 1
configure:3748: checking whether the C compiler works
configure:3770: gcc    conftest.c  >&5
configure:3774: $? = 0
configure:3822: result: yes
configure:3825: checking for C compiler default output file name
configure:3827: result: a.out
configure:3833: checking for suffix of executables
configure:3840: gcc -o conftest    conftest.c  >&5
configure:3844: $? = 0
configure:3866: result: 
configure:3888: checking whether we are cross compiling
configure:3896: gcc -o conftest    conftest.c  >&5
configure:3900: $? = 0
configure:3907: ./conftest
configure:3911: $? = 0
configure:3926: result: no
configure:3931: checking for suffix of object files
configure:3953: gcc -c   conftest.c >&5
configure:3957: $? = 0
configure:3978: result: o
configure:3982: checking whether we are using the GNU C compiler
configure:4001: gcc -c   conftest.c >&5
configure:4001: $? = 0
configure:4010: result: yes
configure:4019: checking whether gcc accepts -g
configure:4039: gcc -c -g  conftest.c >&5
configure:4039: $? = 0
configure:4080: result: yes
configure:4097: checking for gcc option to accept ISO C89
configure:4160: gcc  -c -g -O2  conftest.c >&5
configure:4160: $? = 0
configure:4173: result: none needed
configure:4198: checking whether gcc understands -c and -o together
configure:4220: gcc -c conftest.c -o conftest2.o
configure:4223: $? = 0
configure:4220: gcc -c conftest.c -o conftest2.o
configure:4223: $? = 0
configure:4235: result: yes
configure:4254: checking dependency style of gcc
configure:4365: result: gcc3
configure:4380: checking for a sed that does not truncate output
configure:4444: result: /usr/bin/sed
configure:4462: checking for grep that handles long lines and -e
configure:4520: result: /usr/bin/grep
configure:4525: checking for egrep
configure:4587: result: /usr/bin/grep -E
configure:4592: checking for fgrep
configure:4654: result: /usr/bin/grep -F
configure:4689: checking for ld used by gcc
configure:4756: result: /usr/bin/ld
configure:4763: checking if the linker (/usr/bin/ld) is GNU ld
configure:4778: result: yes
configure:4790: checking for BSD- or MS-compatible name lister (nm)
configure:4844: result: /usr/bin/nm -B
configure:4974: checking the name lister (/usr/bin/nm -B) interface
configure:4981: gcc -c -g -O2  conftest.c >&5
configure:4984: /usr/bin/nm -B "conftest.o"
configure:4987: output
0000000000000000 B some_variable
configure:4994: result: BSD nm
configure:4997: checking whether ln -s works
configure:5001: result: yes
configure:5009: checking the maximum length of command line arguments
configure:5140: result: 196608000
configure:5188: checking how to convert x86_64-pc-linux-gnu file names to x86_64-pc-linux-gnu format
configure:5228: result: func_convert_file_noop
configure:5235: checking how to convert x86_64-pc-linux-gnu file names to toolchain format
configure:5255: result: func_convert_file_noop
configure:5262: checking for /usr/bin/ld option to reload object files
configure:5269: result: -r
configure:5343: checking for objdump
configure:5359: found /usr/bin/objdump
configure:5370: result: objdump
configure:5402: checking how to recognize dependent libraries
configure:5602: result: pass_all
configure:5687: checking for dlltool
configure:5717: result: no
configure:5747: checking how to associate runtime and link libraries
configure:5774: result: printf %s\n
configure:5835: checking for ar
configure:5851: found /usr/bin/ar
configure:5862: result: ar
configure:5899: checking for archiver @FILE support
configure:5916: gcc -c -g -O2  conftest.c >&5
configure:5916: $? = 0
configure:5919: ar cru libconftest.a @conftest.lst >&5
ar: `u' modifier ignored since `D' is the default (see `U')
configure:5922: $? = 0
configure:5927: ar cru libconftest.a @conftest.lst >&5
ar: `u' modifier ignored since `D' is the default (see `U')
ar: conftest.o: No such file or directory
configure:5930: $? = 1
configure:5942: result: @
configure:6000: checking for strip
configure:6016: found /usr/bin/strip
configure:6027: result: strip
configure:6099: checking for ranlib
configure:6115: found /usr/bin/ranlib
configure:6126: result: ranlib
configure:6228: checking command to parse /usr/bin/nm -B output from gcc object
configure:6381: gcc -c -g -O2  conftest.c >&5
configure:6384: $? = 0
configure:6388: /usr/bin/nm -B conftest.o | sed -n -e 's/^.*[	 ]\([ABCDGIRSTW][ABCDGIRSTW]*\)[	 ][	 ]*\([_A-Za-z][_A-Za-z0-9]*\)$/\1 \2 \2/p' | sed '/ __gnu_lto/d' > conftest.nm
configure:6454: gcc -o conftest -g -O2   conftest.c conftstm.o >&5
configure:6457: $? = 0
configure:6495: result: ok
configure:6542: checking for sysroot
configure:6572: result: no
configure:6579: checking for a working dd
configure:6617: result: /usr/bin/dd
configure:6621: checking how to truncate binary pipes
configure:6636: result: /usr/bin/dd bs=4096 count=1
configure:6772: gcc -c -g -O2  conftest.c >&5
configure:6775: $? = 0
configure:6965: checking for mt
configure:6981: found /usr/bin/mt
configure:6992: result: mt
configure:7015: checking if mt is a manifest tool
configure:7021: mt '-?'
configure:7029: result: no
configure:7706: checking how to run the C preprocessor
configure:7737: gcc -E  conftest.c
configure:7737: $? = 0
configure:7751: gcc -E  conftest.c
conftest.c:11:10: fatal error: ac_nonexistent.h: No such file or directory
 #include <ac_nonexistent.h>
          ^~~~~~~~~~~~~~~~~~
compilation terminated.
configure:7751: $? = 1
configure: failed program was:
| /* confdefs.h */
| #define PACKAGE_NAME "EPACTS"
| #define PACKAGE_TARNAME "epacts"
| #define PACKAGE_VERSION "3.3.0"
| #define PACKAGE_STRING "EPACTS 3.3.0"
| #define PACKAGE_BUGREPORT "hmkang@umich.edu"
| #define PACKAGE_URL ""
| #define PACKAGE "EPACTS"
| #define VERSION "3.3.0"
| /* end confdefs.h.  */
| #include <ac_nonexistent.h>
configure:7776: result: gcc -E
configure:7796: gcc -E  conftest.c
configure:7796: $? = 0
configure:7810: gcc -E  conftest.c
conftest.c:11:10: fatal error: ac_nonexistent.h: No such file or directory
 #include <ac_nonexistent.h>
          ^~~~~~~~~~~~~~~~~~
compilation terminated.
configure:7810: $? = 1
configure: failed program was:
| /* confdefs.h */
| #define PACKAGE_NAME "EPACTS"
| #define PACKAGE_TARNAME "epacts"
| #define PACKAGE_VERSION "3.3.0"
| #define PACKAGE_STRING "EPACTS 3.3.0"
| #define PACKAGE_BUGREPORT "hmkang@umich.edu"
| #define PACKAGE_URL ""
| #define PACKAGE "EPACTS"
| #define VERSION "3.3.0"
| /* end confdefs.h.  */
| #include <ac_nonexistent.h>
configure:7839: checking for ANSI C header files
configure:7859: gcc -c -g -O2  conftest.c >&5
configure:7859: $? = 0
configure:7932: gcc -o conftest -g -O2   conftest.c  >&5
configure:7932: $? = 0
configure:7932: ./conftest
configure:7932: $? = 0
configure:7943: result: yes
configure:7956: checking for sys/types.h
configure:7956: gcc -c -g -O2  conftest.c >&5
configure:7956: $? = 0
configure:7956: result: yes
configure:7956: checking for sys/stat.h
configure:7956: gcc -c -g -O2  conftest.c >&5
configure:7956: $? = 0
configure:7956: result: yes
configure:7956: checking for stdlib.h
configure:7956: gcc -c -g -O2  conftest.c >&5
configure:7956: $? = 0
configure:7956: result: yes
configure:7956: checking for string.h
configure:7956: gcc -c -g -O2  conftest.c >&5
configure:7956: $? = 0
configure:7956: result: yes
configure:7956: checking for memory.h
configure:7956: gcc -c -g -O2  conftest.c >&5
configure:7956: $? = 0
configure:7956: result: yes
configure:7956: checking for strings.h
configure:7956: gcc -c -g -O2  conftest.c >&5
configure:7956: $? = 0
configure:7956: result: yes
configure:7956: checking for inttypes.h
configure:7956: gcc -c -g -O2  conftest.c >&5
configure:7956: $? = 0
configure:7956: result: yes
configure:7956: checking for stdint.h
configure:7956: gcc -c -g -O2  conftest.c >&5
configure:7956: $? = 0
configure:7956: result: yes
configure:7956: checking for unistd.h
configure:7956: gcc -c -g -O2  conftest.c >&5
configure:7956: $? = 0
configure:7956: result: yes
configure:7970: checking for dlfcn.h
configure:7970: gcc -c -g -O2  conftest.c >&5
configure:7970: $? = 0
configure:7970: result: yes
configure:8226: checking for objdir
configure:8241: result: .libs
configure:8505: checking if gcc supports -fno-rtti -fno-exceptions
configure:8523: gcc -c -g -O2  -fno-rtti -fno-exceptions conftest.c >&5
cc1: warning: command line option '-fno-rtti' is valid for C++/ObjC++ but not for C
configure:8527: $? = 0
configure:8540: result: no
configure:8898: checking for gcc option to produce PIC
configure:8905: result: -fPIC -DPIC
configure:8913: checking if gcc PIC flag -fPIC -DPIC works
configure:8931: gcc -c -g -O2  -fPIC -DPIC -DPIC conftest.c >&5
configure:8935: $? = 0
configure:8948: result: yes
configure:8977: checking if gcc static flag -static works
configure:9005: result: yes
configure:9020: checking if gcc supports -c -o file.o
configure:9041: gcc -c -g -O2  -o out/conftest2.o conftest.c >&5
configure:9045: $? = 0
configure:9067: result: yes
configure:9075: checking if gcc supports -c -o file.o
configure:9122: result: yes
configure:9155: checking whether the gcc linker (/usr/bin/ld -m elf_x86_64) supports shared libraries
configure:10418: result: yes
configure:10455: checking whether -lc should be explicitly linked in
configure:10463: gcc -c -g -O2  conftest.c >&5
configure:10466: $? = 0
configure:10481: gcc -shared  -fPIC -DPIC conftest.o  -v -Wl,-soname -Wl,conftest -o conftest 2\>\&1 \| /usr/bin/grep  -lc  \>/dev/null 2\>\&1
configure:10484: $? = 0
configure:10498: result: no
configure:10658: checking dynamic linker characteristics
configure:11239: gcc -o conftest -g -O2   -Wl,-rpath -Wl,/foo conftest.c  >&5
configure:11239: $? = 0
configure:11488: result: GNU/Linux ld.so
configure:11610: checking how to hardcode library paths into programs
configure:11635: result: immediate
configure:12183: checking whether stripping libraries is possible
configure:12188: result: yes
configure:12223: checking if libtool supports shared libraries
configure:12225: result: yes
configure:12228: checking whether to build shared libraries
configure:12253: result: yes
configure:12256: checking whether to build static libraries
configure:12260: result: yes
configure:12414: checking for g++
configure:12430: found /usr/bin/g++
configure:12441: result: g++
configure:12468: checking for C++ compiler version
configure:12477: g++ --version >&5
g++ (Debian 8.3.0-6) 8.3.0
Copyright (C) 2018 Free Software Foundation, Inc.
This is free software; see the source for copying conditions.  There is NO
warranty; not even for MERCHANTABILITY or FITNESS FOR A PARTICULAR PURPOSE.

configure:12488: $? = 0
configure:12477: g++ -v >&5
Using built-in specs.
COLLECT_GCC=g++
COLLECT_LTO_WRAPPER=/usr/lib/gcc/x86_64-linux-gnu/8/lto-wrapper
OFFLOAD_TARGET_NAMES=nvptx-none
OFFLOAD_TARGET_DEFAULT=1
Target: x86_64-linux-gnu
Configured with: ../src/configure -v --with-pkgversion='Debian 8.3.0-6' --with-bugurl=file:///usr/share/doc/gcc-8/README.Bugs --enable-languages=c,ada,c++,go,brig,d,fortran,objc,obj-c++ --prefix=/usr --with-gcc-major-version-only --program-suffix=-8 --program-prefix=x86_64-linux-gnu- --enable-shared --enable-linker-build-id --libexecdir=/usr/lib --without-included-gettext --enable-threads=posix --libdir=/usr/lib --enable-nls --enable-bootstrap --enable-clocale=gnu --enable-libstdcxx-debug --enable-libstdcxx-time=yes --with-default-libstdcxx-abi=new --enable-gnu-unique-object --disable-vtable-verify --enable-libmpx --enable-plugin --enable-default-pie --with-system-zlib --with-target-system-zlib --enable-objc-gc=auto --enable-multiarch --disable-werror --with-arch-32=i686 --with-abi=m64 --with-multilib-list=m32,m64,mx32 --enable-multilib --with-tune=generic --enable-offload-targets=nvptx-none --without-cuda-driver --enable-checking=release --build=x86_64-linux-gnu --host=x86_64-linux-gnu --target=x86_64-linux-gnu
Thread model: posix
gcc version 8.3.0 (Debian 8.3.0-6) 
configure:12488: $? = 0
configure:12477: g++ -V >&5
g++: error: unrecognized command line option '-V'
g++: fatal error: no input files
compilation terminated.
configure:12488: $? = 1
configure:12477: g++ -qversion >&5
g++: error: unrecognized command line option '-qversion'; did you mean '--version'?
g++: fatal error: no input files
compilation terminated.
configure:12488: $? = 1
configure:12492: checking whether we are using the GNU C++ compiler
configure:12511: g++ -c   conftest.cpp >&5
configure:12511: $? = 0
configure:12520: result: yes
configure:12529: checking whether g++ accepts -g
configure:12549: g++ -c -g  conftest.cpp >&5
configure:12549: $? = 0
configure:12590: result: yes
configure:12615: checking dependency style of g++
configure:12726: result: gcc3
configure:12759: checking how to run the C++ preprocessor
configure:12786: g++ -E  conftest.cpp
configure:12786: $? = 0
configure:12800: g++ -E  conftest.cpp
conftest.cpp:23:10: fatal error: ac_nonexistent.h: No such file or directory
 #include <ac_nonexistent.h>
          ^~~~~~~~~~~~~~~~~~
compilation terminated.
configure:12800: $? = 1
configure: failed program was:
| /* confdefs.h */
| #define PACKAGE_NAME "EPACTS"
| #define PACKAGE_TARNAME "epacts"
| #define PACKAGE_VERSION "3.3.0"
| #define PACKAGE_STRING "EPACTS 3.3.0"
| #define PACKAGE_BUGREPORT "hmkang@umich.edu"
| #define PACKAGE_URL ""
| #define PACKAGE "EPACTS"
| #define VERSION "3.3.0"
| #define STDC_HEADERS 1
| #define HAVE_SYS_TYPES_H 1
| #define HAVE_SYS_STAT_H 1
| #define HAVE_STDLIB_H 1
| #define HAVE_STRING_H 1
| #define HAVE_MEMORY_H 1
| #define HAVE_STRINGS_H 1
| #define HAVE_INTTYPES_H 1
| #define HAVE_STDINT_H 1
| #define HAVE_UNISTD_H 1
| #define HAVE_DLFCN_H 1
| #define LT_OBJDIR ".libs/"
| /* end confdefs.h.  */
| #include <ac_nonexistent.h>
configure:12825: result: g++ -E
configure:12845: g++ -E  conftest.cpp
configure:12845: $? = 0
configure:12859: g++ -E  conftest.cpp
conftest.cpp:23:10: fatal error: ac_nonexistent.h: No such file or directory
 #include <ac_nonexistent.h>
          ^~~~~~~~~~~~~~~~~~
compilation terminated.
configure:12859: $? = 1
configure: failed program was:
| /* confdefs.h */
| #define PACKAGE_NAME "EPACTS"
| #define PACKAGE_TARNAME "epacts"
| #define PACKAGE_VERSION "3.3.0"
| #define PACKAGE_STRING "EPACTS 3.3.0"
| #define PACKAGE_BUGREPORT "hmkang@umich.edu"
| #define PACKAGE_URL ""
| #define PACKAGE "EPACTS"
| #define VERSION "3.3.0"
| #define STDC_HEADERS 1
| #define HAVE_SYS_TYPES_H 1
| #define HAVE_SYS_STAT_H 1
| #define HAVE_STDLIB_H 1
| #define HAVE_STRING_H 1
| #define HAVE_MEMORY_H 1
| #define HAVE_STRINGS_H 1
| #define HAVE_INTTYPES_H 1
| #define HAVE_STDINT_H 1
| #define HAVE_UNISTD_H 1
| #define HAVE_DLFCN_H 1
| #define LT_OBJDIR ".libs/"
| /* end confdefs.h.  */
| #include <ac_nonexistent.h>
configure:13021: checking for ld used by g++
configure:13088: result: /usr/bin/ld -m elf_x86_64
configure:13095: checking if the linker (/usr/bin/ld -m elf_x86_64) is GNU ld
configure:13110: result: yes
configure:13165: checking whether the g++ linker (/usr/bin/ld -m elf_x86_64) supports shared libraries
configure:14238: result: yes
configure:14274: g++ -c -g -O2  conftest.cpp >&5
configure:14277: $? = 0
configure:14758: checking for g++ option to produce PIC
configure:14765: result: -fPIC -DPIC
configure:14773: checking if g++ PIC flag -fPIC -DPIC works
configure:14791: g++ -c -g -O2  -fPIC -DPIC -DPIC conftest.cpp >&5
configure:14795: $? = 0
configure:14808: result: yes
configure:14831: checking if g++ static flag -static works
configure:14859: result: yes
configure:14871: checking if g++ supports -c -o file.o
configure:14892: g++ -c -g -O2  -o out/conftest2.o conftest.cpp >&5
configure:14896: $? = 0
configure:14918: result: yes
configure:14923: checking if g++ supports -c -o file.o
configure:14970: result: yes
configure:15000: checking whether the g++ linker (/usr/bin/ld -m elf_x86_64) supports shared libraries
configure:15043: result: yes
configure:15184: checking dynamic linker characteristics
configure:15941: result: GNU/Linux ld.so
configure:16006: checking how to hardcode library paths into programs
configure:16031: result: immediate
configure:16119: checking for gcc
configure:16146: result: gcc
configure:16375: checking for C compiler version
configure:16384: gcc --version >&5
gcc (Debian 8.3.0-6) 8.3.0
Copyright (C) 2018 Free Software Foundation, Inc.
This is free software; see the source for copying conditions.  There is NO
warranty; not even for MERCHANTABILITY or FITNESS FOR A PARTICULAR PURPOSE.

configure:16395: $? = 0
configure:16384: gcc -v >&5
Using built-in specs.
COLLECT_GCC=gcc
COLLECT_LTO_WRAPPER=/usr/lib/gcc/x86_64-linux-gnu/8/lto-wrapper
OFFLOAD_TARGET_NAMES=nvptx-none
OFFLOAD_TARGET_DEFAULT=1
Target: x86_64-linux-gnu
Configured with: ../src/configure -v --with-pkgversion='Debian 8.3.0-6' --with-bugurl=file:///usr/share/doc/gcc-8/README.Bugs --enable-languages=c,ada,c++,go,brig,d,fortran,objc,obj-c++ --prefix=/usr --with-gcc-major-version-only --program-suffix=-8 --program-prefix=x86_64-linux-gnu- --enable-shared --enable-linker-build-id --libexecdir=/usr/lib --without-included-gettext --enable-threads=posix --libdir=/usr/lib --enable-nls --enable-bootstrap --enable-clocale=gnu --enable-libstdcxx-debug --enable-libstdcxx-time=yes --with-default-libstdcxx-abi=new --enable-gnu-unique-object --disable-vtable-verify --enable-libmpx --enable-plugin --enable-default-pie --with-system-zlib --with-target-system-zlib --enable-objc-gc=auto --enable-multiarch --disable-werror --with-arch-32=i686 --with-abi=m64 --with-multilib-list=m32,m64,mx32 --enable-multilib --with-tune=generic --enable-offload-targets=nvptx-none --without-cuda-driver --enable-checking=release --build=x86_64-linux-gnu --host=x86_64-linux-gnu --target=x86_64-linux-gnu
Thread model: posix
gcc version 8.3.0 (Debian 8.3.0-6) 
configure:16395: $? = 0
configure:16384: gcc -V >&5
gcc: error: unrecognized command line option '-V'
gcc: fatal error: no input files
compilation terminated.
configure:16395: $? = 1
configure:16384: gcc -qversion >&5
gcc: error: unrecognized command line option '-qversion'; did you mean '--version'?
gcc: fatal error: no input files
compilation terminated.
configure:16395: $? = 1
configure:16399: checking whether we are using the GNU C compiler
configure:16427: result: yes
configure:16436: checking whether gcc accepts -g
configure:16497: result: yes
configure:16514: checking for gcc option to accept ISO C89
configure:16590: result: none needed
configure:16615: checking whether gcc understands -c and -o together
configure:16652: result: yes
configure:16671: checking dependency style of gcc
configure:16782: result: gcc3
configure:16804: checking limits.h usability
configure:16804: gcc -c -g -O2  conftest.c >&5
configure:16804: $? = 0
configure:16804: result: yes
configure:16804: checking limits.h presence
configure:16804: gcc -E  conftest.c
configure:16804: $? = 0
configure:16804: result: yes
configure:16804: checking for limits.h
configure:16804: result: yes
configure:16804: checking stddef.h usability
configure:16804: gcc -c -g -O2  conftest.c >&5
configure:16804: $? = 0
configure:16804: result: yes
configure:16804: checking stddef.h presence
configure:16804: gcc -E  conftest.c
configure:16804: $? = 0
configure:16804: result: yes
configure:16804: checking for stddef.h
configure:16804: result: yes
configure:16804: checking for stdint.h
configure:16804: result: yes
configure:16804: checking for stdlib.h
configure:16804: result: yes
configure:16804: checking for string.h
configure:16804: result: yes
configure:16804: checking for unistd.h
configure:16804: result: yes
configure:16816: checking for stdbool.h that conforms to C99
configure:16883: gcc -c -g -O2  conftest.c >&5
configure:16883: $? = 0
configure:16890: result: yes
configure:16892: checking for _Bool
configure:16892: gcc -c -g -O2  conftest.c >&5
configure:16892: $? = 0
configure:16892: gcc -c -g -O2  conftest.c >&5
conftest.c: In function 'main':
conftest.c:65:20: error: expected expression before ')' token
 if (sizeof ((_Bool)))
                    ^
configure:16892: $? = 1
configure: failed program was:
| /* confdefs.h */
| #define PACKAGE_NAME "EPACTS"
| #define PACKAGE_TARNAME "epacts"
| #define PACKAGE_VERSION "3.3.0"
| #define PACKAGE_STRING "EPACTS 3.3.0"
| #define PACKAGE_BUGREPORT "hmkang@umich.edu"
| #define PACKAGE_URL ""
| #define PACKAGE "EPACTS"
| #define VERSION "3.3.0"
| #define STDC_HEADERS 1
| #define HAVE_SYS_TYPES_H 1
| #define HAVE_SYS_STAT_H 1
| #define HAVE_STDLIB_H 1
| #define HAVE_STRING_H 1
| #define HAVE_MEMORY_H 1
| #define HAVE_STRINGS_H 1
| #define HAVE_INTTYPES_H 1
| #define HAVE_STDINT_H 1
| #define HAVE_UNISTD_H 1
| #define HAVE_DLFCN_H 1
| #define LT_OBJDIR ".libs/"
| #define HAVE_LIMITS_H 1
| #define HAVE_STDDEF_H 1
| #define HAVE_STDINT_H 1
| #define HAVE_STDLIB_H 1
| #define HAVE_STRING_H 1
| #define HAVE_UNISTD_H 1
| /* end confdefs.h.  */
| #include <stdio.h>
| #ifdef HAVE_SYS_TYPES_H
| # include <sys/types.h>
| #endif
| #ifdef HAVE_SYS_STAT_H
| # include <sys/stat.h>
| #endif
| #ifdef STDC_HEADERS
| # include <stdlib.h>
| # include <stddef.h>
| #else
| # ifdef HAVE_STDLIB_H
| #  include <stdlib.h>
| # endif
| #endif
| #ifdef HAVE_STRING_H
| # if !defined STDC_HEADERS && defined HAVE_MEMORY_H
| #  include <memory.h>
| # endif
| # include <string.h>
| #endif
| #ifdef HAVE_STRINGS_H
| # include <strings.h>
| #endif
| #ifdef HAVE_INTTYPES_H
| # include <inttypes.h>
| #endif
| #ifdef HAVE_STDINT_H
| # include <stdint.h>
| #endif
| #ifdef HAVE_UNISTD_H
| # include <unistd.h>
| #endif
| int
| main ()
| {
| if (sizeof ((_Bool)))
| 	    return 0;
|   ;
|   return 0;
| }
configure:16892: result: yes
configure:16909: checking for inline
configure:16925: gcc -c -g -O2  conftest.c >&5
configure:16925: $? = 0
configure:16933: result: inline
configure:16951: checking for int32_t
configure:16951: gcc -c -g -O2  conftest.c >&5
configure:16951: $? = 0
configure:16951: gcc -c -g -O2  conftest.c >&5
conftest.c: In function 'main':
conftest.c:69:53: warning: integer overflow in expression of type 'int' results in '-2147483648' [-Woverflow]
    < (int32_t) (((((int32_t) 1 << N) << N) - 1) * 2 + 2))];
                                                     ^
conftest.c:68:12: error: storage size of 'test_array' isn't constant
 static int test_array [1 - 2 * !((int32_t) (((((int32_t) 1 << N) << N) - 1) * 2 + 1)
            ^~~~~~~~~~
configure:16951: $? = 1
configure: failed program was:
| /* confdefs.h */
| #define PACKAGE_NAME "EPACTS"
| #define PACKAGE_TARNAME "epacts"
| #define PACKAGE_VERSION "3.3.0"
| #define PACKAGE_STRING "EPACTS 3.3.0"
| #define PACKAGE_BUGREPORT "hmkang@umich.edu"
| #define PACKAGE_URL ""
| #define PACKAGE "EPACTS"
| #define VERSION "3.3.0"
| #define STDC_HEADERS 1
| #define HAVE_SYS_TYPES_H 1
| #define HAVE_SYS_STAT_H 1
| #define HAVE_STDLIB_H 1
| #define HAVE_STRING_H 1
| #define HAVE_MEMORY_H 1
| #define HAVE_STRINGS_H 1
| #define HAVE_INTTYPES_H 1
| #define HAVE_STDINT_H 1
| #define HAVE_UNISTD_H 1
| #define HAVE_DLFCN_H 1
| #define LT_OBJDIR ".libs/"
| #define HAVE_LIMITS_H 1
| #define HAVE_STDDEF_H 1
| #define HAVE_STDINT_H 1
| #define HAVE_STDLIB_H 1
| #define HAVE_STRING_H 1
| #define HAVE_UNISTD_H 1
| #define HAVE__BOOL 1
| #define HAVE_STDBOOL_H 1
| /* end confdefs.h.  */
| #include <stdio.h>
| #ifdef HAVE_SYS_TYPES_H
| # include <sys/types.h>
| #endif
| #ifdef HAVE_SYS_STAT_H
| # include <sys/stat.h>
| #endif
| #ifdef STDC_HEADERS
| # include <stdlib.h>
| # include <stddef.h>
| #else
| # ifdef HAVE_STDLIB_H
| #  include <stdlib.h>
| # endif
| #endif
| #ifdef HAVE_STRING_H
| # if !defined STDC_HEADERS && defined HAVE_MEMORY_H
| #  include <memory.h>
| # endif
| # include <string.h>
| #endif
| #ifdef HAVE_STRINGS_H
| # include <strings.h>
| #endif
| #ifdef HAVE_INTTYPES_H
| # include <inttypes.h>
| #endif
| #ifdef HAVE_STDINT_H
| # include <stdint.h>
| #endif
| #ifdef HAVE_UNISTD_H
| # include <unistd.h>
| #endif
| 	        enum { N = 32 / 2 - 1 };
| int
| main ()
| {
| static int test_array [1 - 2 * !((int32_t) (((((int32_t) 1 << N) << N) - 1) * 2 + 1)
| 		 < (int32_t) (((((int32_t) 1 << N) << N) - 1) * 2 + 2))];
| test_array [0] = 0;
| return test_array [0];
| 
|   ;
|   return 0;
| }
configure:16951: result: yes
configure:16962: checking for int64_t
configure:16962: gcc -c -g -O2  conftest.c >&5
configure:16962: $? = 0
configure:16962: gcc -c -g -O2  conftest.c >&5
conftest.c: In function 'main':
conftest.c:69:53: warning: integer overflow in expression of type 'long int' results in '-9223372036854775808' [-Woverflow]
    < (int64_t) (((((int64_t) 1 << N) << N) - 1) * 2 + 2))];
                                                     ^
conftest.c:68:12: error: storage size of 'test_array' isn't constant
 static int test_array [1 - 2 * !((int64_t) (((((int64_t) 1 << N) << N) - 1) * 2 + 1)
            ^~~~~~~~~~
configure:16962: $? = 1
configure: failed program was:
| /* confdefs.h */
| #define PACKAGE_NAME "EPACTS"
| #define PACKAGE_TARNAME "epacts"
| #define PACKAGE_VERSION "3.3.0"
| #define PACKAGE_STRING "EPACTS 3.3.0"
| #define PACKAGE_BUGREPORT "hmkang@umich.edu"
| #define PACKAGE_URL ""
| #define PACKAGE "EPACTS"
| #define VERSION "3.3.0"
| #define STDC_HEADERS 1
| #define HAVE_SYS_TYPES_H 1
| #define HAVE_SYS_STAT_H 1
| #define HAVE_STDLIB_H 1
| #define HAVE_STRING_H 1
| #define HAVE_MEMORY_H 1
| #define HAVE_STRINGS_H 1
| #define HAVE_INTTYPES_H 1
| #define HAVE_STDINT_H 1
| #define HAVE_UNISTD_H 1
| #define HAVE_DLFCN_H 1
| #define LT_OBJDIR ".libs/"
| #define HAVE_LIMITS_H 1
| #define HAVE_STDDEF_H 1
| #define HAVE_STDINT_H 1
| #define HAVE_STDLIB_H 1
| #define HAVE_STRING_H 1
| #define HAVE_UNISTD_H 1
| #define HAVE__BOOL 1
| #define HAVE_STDBOOL_H 1
| /* end confdefs.h.  */
| #include <stdio.h>
| #ifdef HAVE_SYS_TYPES_H
| # include <sys/types.h>
| #endif
| #ifdef HAVE_SYS_STAT_H
| # include <sys/stat.h>
| #endif
| #ifdef STDC_HEADERS
| # include <stdlib.h>
| # include <stddef.h>
| #else
| # ifdef HAVE_STDLIB_H
| #  include <stdlib.h>
| # endif
| #endif
| #ifdef HAVE_STRING_H
| # if !defined STDC_HEADERS && defined HAVE_MEMORY_H
| #  include <memory.h>
| # endif
| # include <string.h>
| #endif
| #ifdef HAVE_STRINGS_H
| # include <strings.h>
| #endif
| #ifdef HAVE_INTTYPES_H
| # include <inttypes.h>
| #endif
| #ifdef HAVE_STDINT_H
| # include <stdint.h>
| #endif
| #ifdef HAVE_UNISTD_H
| # include <unistd.h>
| #endif
| 	        enum { N = 64 / 2 - 1 };
| int
| main ()
| {
| static int test_array [1 - 2 * !((int64_t) (((((int64_t) 1 << N) << N) - 1) * 2 + 1)
| 		 < (int64_t) (((((int64_t) 1 << N) << N) - 1) * 2 + 2))];
| test_array [0] = 0;
| return test_array [0];
| 
|   ;
|   return 0;
| }
configure:16962: result: yes
configure:16973: checking for C/C++ restrict keyword
configure:16998: gcc -c -g -O2  conftest.c >&5
configure:16998: $? = 0
configure:17006: result: __restrict
configure:17019: checking for size_t
configure:17019: gcc -c -g -O2  conftest.c >&5
configure:17019: $? = 0
configure:17019: gcc -c -g -O2  conftest.c >&5
conftest.c: In function 'main':
conftest.c:68:21: error: expected expression before ')' token
 if (sizeof ((size_t)))
                     ^
configure:17019: $? = 1
configure: failed program was:
| /* confdefs.h */
| #define PACKAGE_NAME "EPACTS"
| #define PACKAGE_TARNAME "epacts"
| #define PACKAGE_VERSION "3.3.0"
| #define PACKAGE_STRING "EPACTS 3.3.0"
| #define PACKAGE_BUGREPORT "hmkang@umich.edu"
| #define PACKAGE_URL ""
| #define PACKAGE "EPACTS"
| #define VERSION "3.3.0"
| #define STDC_HEADERS 1
| #define HAVE_SYS_TYPES_H 1
| #define HAVE_SYS_STAT_H 1
| #define HAVE_STDLIB_H 1
| #define HAVE_STRING_H 1
| #define HAVE_MEMORY_H 1
| #define HAVE_STRINGS_H 1
| #define HAVE_INTTYPES_H 1
| #define HAVE_STDINT_H 1
| #define HAVE_UNISTD_H 1
| #define HAVE_DLFCN_H 1
| #define LT_OBJDIR ".libs/"
| #define HAVE_LIMITS_H 1
| #define HAVE_STDDEF_H 1
| #define HAVE_STDINT_H 1
| #define HAVE_STDLIB_H 1
| #define HAVE_STRING_H 1
| #define HAVE_UNISTD_H 1
| #define HAVE__BOOL 1
| #define HAVE_STDBOOL_H 1
| #define restrict __restrict
| /* end confdefs.h.  */
| #include <stdio.h>
| #ifdef HAVE_SYS_TYPES_H
| # include <sys/types.h>
| #endif
| #ifdef HAVE_SYS_STAT_H
| # include <sys/stat.h>
| #endif
| #ifdef STDC_HEADERS
| # include <stdlib.h>
| # include <stddef.h>
| #else
| # ifdef HAVE_STDLIB_H
| #  include <stdlib.h>
| # endif
| #endif
| #ifdef HAVE_STRING_H
| # if !defined STDC_HEADERS && defined HAVE_MEMORY_H
| #  include <memory.h>
| # endif
| # include <string.h>
| #endif
| #ifdef HAVE_STRINGS_H
| # include <strings.h>
| #endif
| #ifdef HAVE_INTTYPES_H
| # include <inttypes.h>
| #endif
| #ifdef HAVE_STDINT_H
| # include <stdint.h>
| #endif
| #ifdef HAVE_UNISTD_H
| # include <unistd.h>
| #endif
| int
| main ()
| {
| if (sizeof ((size_t)))
| 	    return 0;
|   ;
|   return 0;
| }
configure:17019: result: yes
configure:17030: checking for uint16_t
configure:17030: gcc -c -g -O2  conftest.c >&5
configure:17030: $? = 0
configure:17030: result: yes
configure:17042: checking for uint32_t
configure:17042: gcc -c -g -O2  conftest.c >&5
configure:17042: $? = 0
configure:17042: result: yes
configure:17056: checking for uint64_t
configure:17056: gcc -c -g -O2  conftest.c >&5
configure:17056: $? = 0
configure:17056: result: yes
configure:17070: checking for uint8_t
configure:17070: gcc -c -g -O2  conftest.c >&5
configure:17070: $? = 0
configure:17070: result: yes
configure:17084: checking for ptrdiff_t
configure:17084: gcc -c -g -O2  conftest.c >&5
configure:17084: $? = 0
configure:17084: gcc -c -g -O2  conftest.c >&5
conftest.c: In function 'main':
conftest.c:68:24: error: expected expression before ')' token
 if (sizeof ((ptrdiff_t)))
                        ^
configure:17084: $? = 1
configure: failed program was:
| /* confdefs.h */
| #define PACKAGE_NAME "EPACTS"
| #define PACKAGE_TARNAME "epacts"
| #define PACKAGE_VERSION "3.3.0"
| #define PACKAGE_STRING "EPACTS 3.3.0"
| #define PACKAGE_BUGREPORT "hmkang@umich.edu"
| #define PACKAGE_URL ""
| #define PACKAGE "EPACTS"
| #define VERSION "3.3.0"
| #define STDC_HEADERS 1
| #define HAVE_SYS_TYPES_H 1
| #define HAVE_SYS_STAT_H 1
| #define HAVE_STDLIB_H 1
| #define HAVE_STRING_H 1
| #define HAVE_MEMORY_H 1
| #define HAVE_STRINGS_H 1
| #define HAVE_INTTYPES_H 1
| #define HAVE_STDINT_H 1
| #define HAVE_UNISTD_H 1
| #define HAVE_DLFCN_H 1
| #define LT_OBJDIR ".libs/"
| #define HAVE_LIMITS_H 1
| #define HAVE_STDDEF_H 1
| #define HAVE_STDINT_H 1
| #define HAVE_STDLIB_H 1
| #define HAVE_STRING_H 1
| #define HAVE_UNISTD_H 1
| #define HAVE__BOOL 1
| #define HAVE_STDBOOL_H 1
| #define restrict __restrict
| /* end confdefs.h.  */
| #include <stdio.h>
| #ifdef HAVE_SYS_TYPES_H
| # include <sys/types.h>
| #endif
| #ifdef HAVE_SYS_STAT_H
| # include <sys/stat.h>
| #endif
| #ifdef STDC_HEADERS
| # include <stdlib.h>
| # include <stddef.h>
| #else
| # ifdef HAVE_STDLIB_H
| #  include <stdlib.h>
| # endif
| #endif
| #ifdef HAVE_STRING_H
| # if !defined STDC_HEADERS && defined HAVE_MEMORY_H
| #  include <memory.h>
| # endif
| # include <string.h>
| #endif
| #ifdef HAVE_STRINGS_H
| # include <strings.h>
| #endif
| #ifdef HAVE_INTTYPES_H
| # include <inttypes.h>
| #endif
| #ifdef HAVE_STDINT_H
| # include <stdint.h>
| #endif
| #ifdef HAVE_UNISTD_H
| # include <unistd.h>
| #endif
| int
| main ()
| {
| if (sizeof ((ptrdiff_t)))
| 	    return 0;
|   ;
|   return 0;
| }
configure:17084: result: yes
configure:17096: checking for error_at_line
configure:17112: gcc -o conftest -g -O2   conftest.c  >&5
configure:17112: $? = 0
configure:17120: result: yes
configure:17133: checking for stdlib.h
configure:17133: result: yes
configure:17143: checking for GNU libc compatible malloc
configure:17167: gcc -o conftest -g -O2   conftest.c  >&5
configure:17167: $? = 0
configure:17167: ./conftest
configure:17167: $? = 0
configure:17177: result: yes
configure:17198: checking whether sys/types.h defines makedev
configure:17214: gcc -o conftest -g -O2   conftest.c  >&5
conftest.c: In function 'main':
conftest.c:39:8: warning: implicit declaration of function 'makedev' [-Wimplicit-function-declaration]
 return makedev(0, 0);
        ^~~~~~~
/usr/bin/ld: /tmp/ccVhxydV.o: in function `main':
/home/asselta/ccappadona/software/EPACTS_SKATOh/conftest.c:39: undefined reference to `makedev'
collect2: error: ld returned 1 exit status
configure:17214: $? = 1
configure: failed program was:
| /* confdefs.h */
| #define PACKAGE_NAME "EPACTS"
| #define PACKAGE_TARNAME "epacts"
| #define PACKAGE_VERSION "3.3.0"
| #define PACKAGE_STRING "EPACTS 3.3.0"
| #define PACKAGE_BUGREPORT "hmkang@umich.edu"
| #define PACKAGE_URL ""
| #define PACKAGE "EPACTS"
| #define VERSION "3.3.0"
| #define STDC_HEADERS 1
| #define HAVE_SYS_TYPES_H 1
| #define HAVE_SYS_STAT_H 1
| #define HAVE_STDLIB_H 1
| #define HAVE_STRING_H 1
| #define HAVE_MEMORY_H 1
| #define HAVE_STRINGS_H 1
| #define HAVE_INTTYPES_H 1
| #define HAVE_STDINT_H 1
| #define HAVE_UNISTD_H 1
| #define HAVE_DLFCN_H 1
| #define LT_OBJDIR ".libs/"
| #define HAVE_LIMITS_H 1
| #define HAVE_STDDEF_H 1
| #define HAVE_STDINT_H 1
| #define HAVE_STDLIB_H 1
| #define HAVE_STRING_H 1
| #define HAVE_UNISTD_H 1
| #define HAVE__BOOL 1
| #define HAVE_STDBOOL_H 1
| #define restrict __restrict
| #define HAVE_PTRDIFF_T 1
| #define HAVE_STDLIB_H 1
| #define HAVE_MALLOC 1
| /* end confdefs.h.  */
| #include <sys/types.h>
| int
| main ()
| {
| return makedev(0, 0);
|   ;
|   return 0;
| }
configure:17223: result: no
configure:17227: checking sys/mkdev.h usability
configure:17227: gcc -c -g -O2  conftest.c >&5
conftest.c:68:10: fatal error: sys/mkdev.h: No such file or directory
 #include <sys/mkdev.h>
          ^~~~~~~~~~~~~
compilation terminated.
configure:17227: $? = 1
configure: failed program was:
| /* confdefs.h */
| #define PACKAGE_NAME "EPACTS"
| #define PACKAGE_TARNAME "epacts"
| #define PACKAGE_VERSION "3.3.0"
| #define PACKAGE_STRING "EPACTS 3.3.0"
| #define PACKAGE_BUGREPORT "hmkang@umich.edu"
| #define PACKAGE_URL ""
| #define PACKAGE "EPACTS"
| #define VERSION "3.3.0"
| #define STDC_HEADERS 1
| #define HAVE_SYS_TYPES_H 1
| #define HAVE_SYS_STAT_H 1
| #define HAVE_STDLIB_H 1
| #define HAVE_STRING_H 1
| #define HAVE_MEMORY_H 1
| #define HAVE_STRINGS_H 1
| #define HAVE_INTTYPES_H 1
| #define HAVE_STDINT_H 1
| #define HAVE_UNISTD_H 1
| #define HAVE_DLFCN_H 1
| #define LT_OBJDIR ".libs/"
| #define HAVE_LIMITS_H 1
| #define HAVE_STDDEF_H 1
| #define HAVE_STDINT_H 1
| #define HAVE_STDLIB_H 1
| #define HAVE_STRING_H 1
| #define HAVE_UNISTD_H 1
| #define HAVE__BOOL 1
| #define HAVE_STDBOOL_H 1
| #define restrict __restrict
| #define HAVE_PTRDIFF_T 1
| #define HAVE_STDLIB_H 1
| #define HAVE_MALLOC 1
| /* end confdefs.h.  */
| #include <stdio.h>
| #ifdef HAVE_SYS_TYPES_H
| # include <sys/types.h>
| #endif
| #ifdef HAVE_SYS_STAT_H
| # include <sys/stat.h>
| #endif
| #ifdef STDC_HEADERS
| # include <stdlib.h>
| # include <stddef.h>
| #else
| # ifdef HAVE_STDLIB_H
| #  include <stdlib.h>
| # endif
| #endif
| #ifdef HAVE_STRING_H
| # if !defined STDC_HEADERS && defined HAVE_MEMORY_H
| #  include <memory.h>
| # endif
| # include <string.h>
| #endif
| #ifdef HAVE_STRINGS_H
| # include <strings.h>
| #endif
| #ifdef HAVE_INTTYPES_H
| # include <inttypes.h>
| #endif
| #ifdef HAVE_STDINT_H
| # include <stdint.h>
| #endif
| #ifdef HAVE_UNISTD_H
| # include <unistd.h>
| #endif
| #include <sys/mkdev.h>
configure:17227: result: no
configure:17227: checking sys/mkdev.h presence
configure:17227: gcc -E  conftest.c
conftest.c:35:10: fatal error: sys/mkdev.h: No such file or directory
 #include <sys/mkdev.h>
          ^~~~~~~~~~~~~
compilation terminated.
configure:17227: $? = 1
configure: failed program was:
| /* confdefs.h */
| #define PACKAGE_NAME "EPACTS"
| #define PACKAGE_TARNAME "epacts"
| #define PACKAGE_VERSION "3.3.0"
| #define PACKAGE_STRING "EPACTS 3.3.0"
| #define PACKAGE_BUGREPORT "hmkang@umich.edu"
| #define PACKAGE_URL ""
| #define PACKAGE "EPACTS"
| #define VERSION "3.3.0"
| #define STDC_HEADERS 1
| #define HAVE_SYS_TYPES_H 1
| #define HAVE_SYS_STAT_H 1
| #define HAVE_STDLIB_H 1
| #define HAVE_STRING_H 1
| #define HAVE_MEMORY_H 1
| #define HAVE_STRINGS_H 1
| #define HAVE_INTTYPES_H 1
| #define HAVE_STDINT_H 1
| #define HAVE_UNISTD_H 1
| #define HAVE_DLFCN_H 1
| #define LT_OBJDIR ".libs/"
| #define HAVE_LIMITS_H 1
| #define HAVE_STDDEF_H 1
| #define HAVE_STDINT_H 1
| #define HAVE_STDLIB_H 1
| #define HAVE_STRING_H 1
| #define HAVE_UNISTD_H 1
| #define HAVE__BOOL 1
| #define HAVE_STDBOOL_H 1
| #define restrict __restrict
| #define HAVE_PTRDIFF_T 1
| #define HAVE_STDLIB_H 1
| #define HAVE_MALLOC 1
| /* end confdefs.h.  */
| #include <sys/mkdev.h>
configure:17227: result: no
configure:17227: checking for sys/mkdev.h
configure:17227: result: no
configure:17237: checking sys/sysmacros.h usability
configure:17237: gcc -c -g -O2  conftest.c >&5
configure:17237: $? = 0
configure:17237: result: yes
configure:17237: checking sys/sysmacros.h presence
configure:17237: gcc -E  conftest.c
configure:17237: $? = 0
configure:17237: result: yes
configure:17237: checking for sys/sysmacros.h
configure:17237: result: yes
configure:17250: checking for stdlib.h
configure:17250: result: yes
configure:17260: checking for GNU libc compatible realloc
configure:17284: gcc -o conftest -g -O2   conftest.c  >&5
configure:17284: $? = 0
configure:17284: ./conftest
configure:17284: $? = 0
configure:17294: result: yes
configure:17315: checking for working strtod
configure:17356: gcc -o conftest -g -O2   conftest.c  >&5
configure:17356: $? = 0
configure:17356: ./conftest
configure:17356: $? = 0
configure:17366: result: yes
configure:17431: checking for floor
configure:17431: gcc -o conftest -g -O2   conftest.c  >&5
conftest.c:61:6: warning: conflicting types for built-in function 'floor' [-Wbuiltin-declaration-mismatch]
 char floor ();
      ^~~~~
/usr/bin/ld: /tmp/ccPa61pp.o: in function `main':
/home/asselta/ccappadona/software/EPACTS_SKATOh/conftest.c:72: undefined reference to `floor'
collect2: error: ld returned 1 exit status
configure:17431: $? = 1
configure: failed program was:
| /* confdefs.h */
| #define PACKAGE_NAME "EPACTS"
| #define PACKAGE_TARNAME "epacts"
| #define PACKAGE_VERSION "3.3.0"
| #define PACKAGE_STRING "EPACTS 3.3.0"
| #define PACKAGE_BUGREPORT "hmkang@umich.edu"
| #define PACKAGE_URL ""
| #define PACKAGE "EPACTS"
| #define VERSION "3.3.0"
| #define STDC_HEADERS 1
| #define HAVE_SYS_TYPES_H 1
| #define HAVE_SYS_STAT_H 1
| #define HAVE_STDLIB_H 1
| #define HAVE_STRING_H 1
| #define HAVE_MEMORY_H 1
| #define HAVE_STRINGS_H 1
| #define HAVE_INTTYPES_H 1
| #define HAVE_STDINT_H 1
| #define HAVE_UNISTD_H 1
| #define HAVE_DLFCN_H 1
| #define LT_OBJDIR ".libs/"
| #define HAVE_LIMITS_H 1
| #define HAVE_STDDEF_H 1
| #define HAVE_STDINT_H 1
| #define HAVE_STDLIB_H 1
| #define HAVE_STRING_H 1
| #define HAVE_UNISTD_H 1
| #define HAVE__BOOL 1
| #define HAVE_STDBOOL_H 1
| #define restrict __restrict
| #define HAVE_PTRDIFF_T 1
| #define HAVE_STDLIB_H 1
| #define HAVE_MALLOC 1
| #define MAJOR_IN_SYSMACROS 1
| #define HAVE_STDLIB_H 1
| #define HAVE_REALLOC 1
| /* end confdefs.h.  */
| /* Define floor to an innocuous variant, in case <limits.h> declares floor.
|    For example, HP-UX 11i <limits.h> declares gettimeofday.  */
| #define floor innocuous_floor
| 
| /* System header to define __stub macros and hopefully few prototypes,
|     which can conflict with char floor (); below.
|     Prefer <limits.h> to <assert.h> if __STDC__ is defined, since
|     <limits.h> exists even on freestanding compilers.  */
| 
| #ifdef __STDC__
| # include <limits.h>
| #else
| # include <assert.h>
| #endif
| 
| #undef floor
| 
| /* Override any GCC internal prototype to avoid an error.
|    Use char because int might match the return type of a GCC
|    builtin and then its argument prototype would still apply.  */
| #ifdef __cplusplus
| extern "C"
| #endif
| char floor ();
| /* The GNU C library defines this for functions which it implements
|     to always fail with ENOSYS.  Some functions are actually named
|     something starting with __ and the normal name is an alias.  */
| #if defined __stub_floor || defined __stub___floor
| choke me
| #endif
| 
| int
| main ()
| {
| return floor ();
|   ;
|   return 0;
| }
configure:17431: result: no
configure:17431: checking for gethostname
configure:17431: gcc -o conftest -g -O2   conftest.c  >&5
configure:17431: $? = 0
configure:17431: result: yes
configure:17431: checking for memset
configure:17431: gcc -o conftest -g -O2   conftest.c  >&5
conftest.c:62:6: warning: conflicting types for built-in function 'memset' [-Wbuiltin-declaration-mismatch]
 char memset ();
      ^~~~~~
configure:17431: $? = 0
configure:17431: result: yes
configure:17431: checking for pow
configure:17431: gcc -o conftest -g -O2   conftest.c  >&5
conftest.c:63:6: warning: conflicting types for built-in function 'pow' [-Wbuiltin-declaration-mismatch]
 char pow ();
      ^~~
/usr/bin/ld: /tmp/ccBAUPnK.o: in function `main':
/home/asselta/ccappadona/software/EPACTS_SKATOh/conftest.c:74: undefined reference to `pow'
collect2: error: ld returned 1 exit status
configure:17431: $? = 1
configure: failed program was:
| /* confdefs.h */
| #define PACKAGE_NAME "EPACTS"
| #define PACKAGE_TARNAME "epacts"
| #define PACKAGE_VERSION "3.3.0"
| #define PACKAGE_STRING "EPACTS 3.3.0"
| #define PACKAGE_BUGREPORT "hmkang@umich.edu"
| #define PACKAGE_URL ""
| #define PACKAGE "EPACTS"
| #define VERSION "3.3.0"
| #define STDC_HEADERS 1
| #define HAVE_SYS_TYPES_H 1
| #define HAVE_SYS_STAT_H 1
| #define HAVE_STDLIB_H 1
| #define HAVE_STRING_H 1
| #define HAVE_MEMORY_H 1
| #define HAVE_STRINGS_H 1
| #define HAVE_INTTYPES_H 1
| #define HAVE_STDINT_H 1
| #define HAVE_UNISTD_H 1
| #define HAVE_DLFCN_H 1
| #define LT_OBJDIR ".libs/"
| #define HAVE_LIMITS_H 1
| #define HAVE_STDDEF_H 1
| #define HAVE_STDINT_H 1
| #define HAVE_STDLIB_H 1
| #define HAVE_STRING_H 1
| #define HAVE_UNISTD_H 1
| #define HAVE__BOOL 1
| #define HAVE_STDBOOL_H 1
| #define restrict __restrict
| #define HAVE_PTRDIFF_T 1
| #define HAVE_STDLIB_H 1
| #define HAVE_MALLOC 1
| #define MAJOR_IN_SYSMACROS 1
| #define HAVE_STDLIB_H 1
| #define HAVE_REALLOC 1
| #define HAVE_GETHOSTNAME 1
| #define HAVE_MEMSET 1
| /* end confdefs.h.  */
| /* Define pow to an innocuous variant, in case <limits.h> declares pow.
|    For example, HP-UX 11i <limits.h> declares gettimeofday.  */
| #define pow innocuous_pow
| 
| /* System header to define __stub macros and hopefully few prototypes,
|     which can conflict with char pow (); below.
|     Prefer <limits.h> to <assert.h> if __STDC__ is defined, since
|     <limits.h> exists even on freestanding compilers.  */
| 
| #ifdef __STDC__
| # include <limits.h>
| #else
| # include <assert.h>
| #endif
| 
| #undef pow
| 
| /* Override any GCC internal prototype to avoid an error.
|    Use char because int might match the return type of a GCC
|    builtin and then its argument prototype would still apply.  */
| #ifdef __cplusplus
| extern "C"
| #endif
| char pow ();
| /* The GNU C library defines this for functions which it implements
|     to always fail with ENOSYS.  Some functions are actually named
|     something starting with __ and the normal name is an alias.  */
| #if defined __stub_pow || defined __stub___pow
| choke me
| #endif
| 
| int
| main ()
| {
| return pow ();
|   ;
|   return 0;
| }
configure:17431: result: no
configure:17431: checking for select
configure:17431: gcc -o conftest -g -O2   conftest.c  >&5
configure:17431: $? = 0
configure:17431: result: yes
configure:17431: checking for sqrt
configure:17431: gcc -o conftest -g -O2   conftest.c  >&5
conftest.c:64:6: warning: conflicting types for built-in function 'sqrt' [-Wbuiltin-declaration-mismatch]
 char sqrt ();
      ^~~~
/usr/bin/ld: /tmp/ccMR1rlL.o: in function `main':
/home/asselta/ccappadona/software/EPACTS_SKATOh/conftest.c:75: undefined reference to `sqrt'
collect2: error: ld returned 1 exit status
configure:17431: $? = 1
configure: failed program was:
| /* confdefs.h */
| #define PACKAGE_NAME "EPACTS"
| #define PACKAGE_TARNAME "epacts"
| #define PACKAGE_VERSION "3.3.0"
| #define PACKAGE_STRING "EPACTS 3.3.0"
| #define PACKAGE_BUGREPORT "hmkang@umich.edu"
| #define PACKAGE_URL ""
| #define PACKAGE "EPACTS"
| #define VERSION "3.3.0"
| #define STDC_HEADERS 1
| #define HAVE_SYS_TYPES_H 1
| #define HAVE_SYS_STAT_H 1
| #define HAVE_STDLIB_H 1
| #define HAVE_STRING_H 1
| #define HAVE_MEMORY_H 1
| #define HAVE_STRINGS_H 1
| #define HAVE_INTTYPES_H 1
| #define HAVE_STDINT_H 1
| #define HAVE_UNISTD_H 1
| #define HAVE_DLFCN_H 1
| #define LT_OBJDIR ".libs/"
| #define HAVE_LIMITS_H 1
| #define HAVE_STDDEF_H 1
| #define HAVE_STDINT_H 1
| #define HAVE_STDLIB_H 1
| #define HAVE_STRING_H 1
| #define HAVE_UNISTD_H 1
| #define HAVE__BOOL 1
| #define HAVE_STDBOOL_H 1
| #define restrict __restrict
| #define HAVE_PTRDIFF_T 1
| #define HAVE_STDLIB_H 1
| #define HAVE_MALLOC 1
| #define MAJOR_IN_SYSMACROS 1
| #define HAVE_STDLIB_H 1
| #define HAVE_REALLOC 1
| #define HAVE_GETHOSTNAME 1
| #define HAVE_MEMSET 1
| #define HAVE_SELECT 1
| /* end confdefs.h.  */
| /* Define sqrt to an innocuous variant, in case <limits.h> declares sqrt.
|    For example, HP-UX 11i <limits.h> declares gettimeofday.  */
| #define sqrt innocuous_sqrt
| 
| /* System header to define __stub macros and hopefully few prototypes,
|     which can conflict with char sqrt (); below.
|     Prefer <limits.h> to <assert.h> if __STDC__ is defined, since
|     <limits.h> exists even on freestanding compilers.  */
| 
| #ifdef __STDC__
| # include <limits.h>
| #else
| # include <assert.h>
| #endif
| 
| #undef sqrt
| 
| /* Override any GCC internal prototype to avoid an error.
|    Use char because int might match the return type of a GCC
|    builtin and then its argument prototype would still apply.  */
| #ifdef __cplusplus
| extern "C"
| #endif
| char sqrt ();
| /* The GNU C library defines this for functions which it implements
|     to always fail with ENOSYS.  Some functions are actually named
|     something starting with __ and the normal name is an alias.  */
| #if defined __stub_sqrt || defined __stub___sqrt
| choke me
| #endif
| 
| int
| main ()
| {
| return sqrt ();
|   ;
|   return 0;
| }
configure:17431: result: no
configure:17431: checking for strchr
configure:17431: gcc -o conftest -g -O2   conftest.c  >&5
conftest.c:64:6: warning: conflicting types for built-in function 'strchr' [-Wbuiltin-declaration-mismatch]
 char strchr ();
      ^~~~~~
configure:17431: $? = 0
configure:17431: result: yes
configure:17431: checking for strstr
configure:17431: gcc -o conftest -g -O2   conftest.c  >&5
conftest.c:65:6: warning: conflicting types for built-in function 'strstr' [-Wbuiltin-declaration-mismatch]
 char strstr ();
      ^~~~~~
configure:17431: $? = 0
configure:17431: result: yes
configure:17431: checking for strtol
configure:17431: gcc -o conftest -g -O2   conftest.c  >&5
configure:17431: $? = 0
configure:17431: result: yes
configure:17440: checking for gzopen in -lz
configure:17465: gcc -o conftest -g -O2   conftest.c -lz   >&5
configure:17465: $? = 0
configure:17474: result: yes
configure:17493: checking for perl
configure:17509: found /usr/bin/perl
configure:17520: result: yes
configure:17535: checking for gs
configure:17565: result: no
configure:17571: error: Please install gs before installing.

## ---------------- ##
## Cache variables. ##
## ---------------- ##

ac_cv_build='x86_64-pc-linux-gnu'
ac_cv_c_compiler_gnu='yes'
ac_cv_c_inline='inline'
ac_cv_c_int32_t='yes'
ac_cv_c_int64_t='yes'
ac_cv_c_restrict='__restrict'
ac_cv_c_uint16_t='yes'
ac_cv_c_uint32_t='yes'
ac_cv_c_uint64_t='yes'
ac_cv_c_uint8_t='yes'
ac_cv_cxx_compiler_gnu='yes'
ac_cv_env_CCC_set=''
ac_cv_env_CCC_value=''
ac_cv_env_CC_set=''
ac_cv_env_CC_value=''
ac_cv_env_CFLAGS_set=''
ac_cv_env_CFLAGS_value=''
ac_cv_env_CPPFLAGS_set=''
ac_cv_env_CPPFLAGS_value=''
ac_cv_env_CPP_set=''
ac_cv_env_CPP_value=''
ac_cv_env_CXXCPP_set=''
ac_cv_env_CXXCPP_value=''
ac_cv_env_CXXFLAGS_set=''
ac_cv_env_CXXFLAGS_value=''
ac_cv_env_CXX_set=''
ac_cv_env_CXX_value=''
ac_cv_env_LDFLAGS_set=''
ac_cv_env_LDFLAGS_value=''
ac_cv_env_LIBS_set=''
ac_cv_env_LIBS_value=''
ac_cv_env_LT_SYS_LIBRARY_PATH_set=''
ac_cv_env_LT_SYS_LIBRARY_PATH_value=''
ac_cv_env_build_alias_set=''
ac_cv_env_build_alias_value=''
ac_cv_env_host_alias_set=''
ac_cv_env_host_alias_value=''
ac_cv_env_target_alias_set=''
ac_cv_env_target_alias_value=''
ac_cv_func_floor='no'
ac_cv_func_gethostname='yes'
ac_cv_func_malloc_0_nonnull='yes'
ac_cv_func_memset='yes'
ac_cv_func_pow='no'
ac_cv_func_realloc_0_nonnull='yes'
ac_cv_func_select='yes'
ac_cv_func_sqrt='no'
ac_cv_func_strchr='yes'
ac_cv_func_strstr='yes'
ac_cv_func_strtod='yes'
ac_cv_func_strtol='yes'
ac_cv_header_dlfcn_h='yes'
ac_cv_header_inttypes_h='yes'
ac_cv_header_limits_h='yes'
ac_cv_header_memory_h='yes'
ac_cv_header_stdbool_h='yes'
ac_cv_header_stdc='yes'
ac_cv_header_stddef_h='yes'
ac_cv_header_stdint_h='yes'
ac_cv_header_stdlib_h='yes'
ac_cv_header_string_h='yes'
ac_cv_header_strings_h='yes'
ac_cv_header_sys_mkdev_h='no'
ac_cv_header_sys_stat_h='yes'
ac_cv_header_sys_sysmacros_h='yes'
ac_cv_header_sys_types_h='yes'
ac_cv_header_sys_types_h_makedev='no'
ac_cv_header_unistd_h='yes'
ac_cv_host='x86_64-pc-linux-gnu'
ac_cv_lib_error_at_line='yes'
ac_cv_lib_z_gzopen='yes'
ac_cv_objext='o'
ac_cv_path_EGREP='/usr/bin/grep -E'
ac_cv_path_FGREP='/usr/bin/grep -F'
ac_cv_path_GREP='/usr/bin/grep'
ac_cv_path_SED='/usr/bin/sed'
ac_cv_path_install='/usr/bin/install -c'
ac_cv_path_lt_DD='/usr/bin/dd'
ac_cv_path_mkdir='/usr/bin/mkdir'
ac_cv_prog_AWK='gawk'
ac_cv_prog_CPP='gcc -E'
ac_cv_prog_CXXCPP='g++ -E'
ac_cv_prog_PERL_CHECK='yes'
ac_cv_prog_ac_ct_AR='ar'
ac_cv_prog_ac_ct_CC='gcc'
ac_cv_prog_ac_ct_CXX='g++'
ac_cv_prog_ac_ct_MANIFEST_TOOL='mt'
ac_cv_prog_ac_ct_OBJDUMP='objdump'
ac_cv_prog_ac_ct_RANLIB='ranlib'
ac_cv_prog_ac_ct_STRIP='strip'
ac_cv_prog_cc_c89=''
ac_cv_prog_cc_g='yes'
ac_cv_prog_cxx_g='yes'
ac_cv_prog_make_make_set='yes'
ac_cv_type__Bool='yes'
ac_cv_type_ptrdiff_t='yes'
ac_cv_type_size_t='yes'
am_cv_CC_dependencies_compiler_type='gcc3'
am_cv_CXX_dependencies_compiler_type='gcc3'
am_cv_make_support_nested_variables='yes'
am_cv_prog_cc_c_o='yes'
lt_cv_ar_at_file='@'
lt_cv_archive_cmds_need_lc='no'
lt_cv_deplibs_check_method='pass_all'
lt_cv_file_magic_cmd='$MAGIC_CMD'
lt_cv_file_magic_test_file=''
lt_cv_ld_reload_flag='-r'
lt_cv_nm_interface='BSD nm'
lt_cv_objdir='.libs'
lt_cv_path_LD='/usr/bin/ld'
lt_cv_path_LDCXX='/usr/bin/ld -m elf_x86_64'
lt_cv_path_NM='/usr/bin/nm -B'
lt_cv_path_mainfest_tool='no'
lt_cv_prog_compiler_c_o='yes'
lt_cv_prog_compiler_c_o_CXX='yes'
lt_cv_prog_compiler_pic='-fPIC -DPIC'
lt_cv_prog_compiler_pic_CXX='-fPIC -DPIC'
lt_cv_prog_compiler_pic_works='yes'
lt_cv_prog_compiler_pic_works_CXX='yes'
lt_cv_prog_compiler_rtti_exceptions='no'
lt_cv_prog_compiler_static_works='yes'
lt_cv_prog_compiler_static_works_CXX='yes'
lt_cv_prog_gnu_ld='yes'
lt_cv_prog_gnu_ldcxx='yes'
lt_cv_sharedlib_from_linklib_cmd='printf %s\n'
lt_cv_shlibpath_overrides_runpath='yes'
lt_cv_sys_global_symbol_pipe='sed -n -e '"'"'s/^.*[	 ]\([ABCDGIRSTW][ABCDGIRSTW]*\)[	 ][	 ]*\([_A-Za-z][_A-Za-z0-9]*\)$/\1 \2 \2/p'"'"' | sed '"'"'/ __gnu_lto/d'"'"
lt_cv_sys_global_symbol_to_c_name_address='sed -n -e '"'"'s/^: \(.*\) .*$/  {"\1", (void *) 0},/p'"'"' -e '"'"'s/^[ABCDGIRSTW][ABCDGIRSTW]* .* \(.*\)$/  {"\1", (void *) \&\1},/p'"'"
lt_cv_sys_global_symbol_to_c_name_address_lib_prefix='sed -n -e '"'"'s/^: \(.*\) .*$/  {"\1", (void *) 0},/p'"'"' -e '"'"'s/^[ABCDGIRSTW][ABCDGIRSTW]* .* \(lib.*\)$/  {"\1", (void *) \&\1},/p'"'"' -e '"'"'s/^[ABCDGIRSTW][ABCDGIRSTW]* .* \(.*\)$/  {"lib\1", (void *) \&\1},/p'"'"
lt_cv_sys_global_symbol_to_cdecl='sed -n -e '"'"'s/^T .* \(.*\)$/extern int \1();/p'"'"' -e '"'"'s/^[ABCDGIRSTW][ABCDGIRSTW]* .* \(.*\)$/extern char \1;/p'"'"
lt_cv_sys_global_symbol_to_import=''
lt_cv_sys_max_cmd_len='196608000'
lt_cv_to_host_file_cmd='func_convert_file_noop'
lt_cv_to_tool_file_cmd='func_convert_file_noop'
lt_cv_truncate_bin='/usr/bin/dd bs=4096 count=1'

## ----------------- ##
## Output variables. ##
## ----------------- ##

ACLOCAL='${SHELL} /home/asselta/ccappadona/software/EPACTS_SKATOh/missing aclocal-1.16'
AMDEPBACKSLASH='\'
AMDEP_FALSE='#'
AMDEP_TRUE=''
AMTAR='$${TAR-tar}'
AM_BACKSLASH='\'
AM_DEFAULT_V='$(AM_DEFAULT_VERBOSITY)'
AM_DEFAULT_VERBOSITY='1'
AM_V='$(V)'
AR='ar'
AUTOCONF='${SHELL} /home/asselta/ccappadona/software/EPACTS_SKATOh/missing autoconf'
AUTOHEADER='${SHELL} /home/asselta/ccappadona/software/EPACTS_SKATOh/missing autoheader'
AUTOMAKE='${SHELL} /home/asselta/ccappadona/software/EPACTS_SKATOh/missing automake-1.16'
AWK='gawk'
CAT_CHECK=''
CC='gcc'
CCDEPMODE='depmode=gcc3'
CFLAGS='-g -O2'
CPP='gcc -E'
CPPFLAGS=''
CUT_CHECK=''
CXX='g++'
CXXCPP='g++ -E'
CXXDEPMODE='depmode=gcc3'
CXXFLAGS='-g -O2'
CYGPATH_W='echo'
DEFS=''
DEPDIR='.deps'
DIRNAME_CHECK=''
DLLTOOL='false'
DSYMUTIL=''
DUMPBIN=''
ECHO_C=''
ECHO_N='-n'
ECHO_T=''
EGREP='/usr/bin/grep -E'
EXEEXT=''
FGREP='/usr/bin/grep -F'
GNUPLOT_CHECK=''
GREP='/usr/bin/grep'
GREP_CHECK=''
GROFF_CHECK=''
GS_CHECK=''
HEAD_CHECK=''
INSTALL_DATA='${INSTALL} -m 644'
INSTALL_PROGRAM='${INSTALL}'
INSTALL_SCRIPT='${INSTALL}'
INSTALL_STRIP_PROGRAM='$(install_sh) -c -s'
LD='/usr/bin/ld -m elf_x86_64'
LDFLAGS=''
LIBOBJS=''
LIBS='-lz '
LIBTOOL='$(SHELL) $(top_builddir)/libtool'
LIPO=''
LN_S='ln -s'
LTLIBOBJS=''
LT_SYS_LIBRARY_PATH=''
MAKEINFO='${SHELL} /home/asselta/ccappadona/software/EPACTS_SKATOh/missing makeinfo'
MAKE_CHECK=''
MANIFEST_TOOL=':'
MKDIR_CHECK=''
MKDIR_P='/usr/bin/mkdir -p'
MV_CHECK=''
NM='/usr/bin/nm -B'
NMEDIT=''
OBJDUMP='objdump'
OBJEXT='o'
OTOOL64=''
OTOOL=''
PACKAGE='EPACTS'
PACKAGE_BUGREPORT='hmkang@umich.edu'
PACKAGE_NAME='EPACTS'
PACKAGE_STRING='EPACTS 3.3.0'
PACKAGE_TARNAME='epacts'
PACKAGE_URL=''
PACKAGE_VERSION='3.3.0'
PATH_SEPARATOR=':'
PERL_CHECK='yes'
PFBTOPS_CHECK=''
POW_LIB=''
RANLIB='ranlib'
RM_CHECK=''
RSCRIPT_CHECK=''
R_CHECK=''
SED='/usr/bin/sed'
SET_MAKE=''
SHELL='/bin/sh'
SORT_CHECK=''
STRIP='strip'
VERSION='3.3.0'
ZCAT_CHECK=''
ac_ct_AR='ar'
ac_ct_CC='gcc'
ac_ct_CXX='g++'
ac_ct_DUMPBIN=''
am__EXEEXT_FALSE=''
am__EXEEXT_TRUE=''
am__fastdepCC_FALSE='#'
am__fastdepCC_TRUE=''
am__fastdepCXX_FALSE='#'
am__fastdepCXX_TRUE=''
am__include='include'
am__isrc=''
am__leading_dot='.'
am__nodep='_no'
am__quote=''
am__tar='$${TAR-tar} chof - "$$tardir"'
am__untar='$${TAR-tar} xf -'
bindir='${exec_prefix}/bin'
build='x86_64-pc-linux-gnu'
build_alias=''
build_cpu='x86_64'
build_os='linux-gnu'
build_vendor='pc'
datadir='${datarootdir}'
datarootdir='${prefix}/share'
docdir='${datarootdir}/doc/${PACKAGE_TARNAME}'
dvidir='${docdir}'
exec_prefix='NONE'
host='x86_64-pc-linux-gnu'
host_alias=''
host_cpu='x86_64'
host_os='linux-gnu'
host_vendor='pc'
htmldir='${docdir}'
includedir='${prefix}/include'
infodir='${datarootdir}/info'
install_sh='${SHELL} /home/asselta/ccappadona/software/EPACTS_SKATOh/install-sh'
libdir='${exec_prefix}/lib'
libexecdir='${exec_prefix}/libexec'
localedir='${datarootdir}/locale'
localstatedir='${prefix}/var'
mandir='${datarootdir}/man'
mkdir_p='$(MKDIR_P)'
oldincludedir='/usr/include'
pdfdir='${docdir}'
prefix='/net/wonderland/home/dtaliun/EPACTS_local'
program_transform_name='s,x,x,'
psdir='${docdir}'
runstatedir='${localstatedir}/run'
sbindir='${exec_prefix}/sbin'
sharedstatedir='${prefix}/com'
sysconfdir='${prefix}/etc'
target_alias=''

## ----------- ##
## confdefs.h. ##
## ----------- ##

/* confdefs.h */
#define PACKAGE_NAME "EPACTS"
#define PACKAGE_TARNAME "epacts"
#define PACKAGE_VERSION "3.3.0"
#define PACKAGE_STRING "EPACTS 3.3.0"
#define PACKAGE_BUGREPORT "hmkang@umich.edu"
#define PACKAGE_URL ""
#define PACKAGE "EPACTS"
#define VERSION "3.3.0"
#define STDC_HEADERS 1
#define HAVE_SYS_TYPES_H 1
#define HAVE_SYS_STAT_H 1
#define HAVE_STDLIB_H 1
#define HAVE_STRING_H 1
#define HAVE_MEMORY_H 1
#define HAVE_STRINGS_H 1
#define HAVE_INTTYPES_H 1
#define HAVE_STDINT_H 1
#define HAVE_UNISTD_H 1
#define HAVE_DLFCN_H 1
#define LT_OBJDIR ".libs/"
#define HAVE_LIMITS_H 1
#define HAVE_STDDEF_H 1
#define HAVE_STDINT_H 1
#define HAVE_STDLIB_H 1
#define HAVE_STRING_H 1
#define HAVE_UNISTD_H 1
#define HAVE__BOOL 1
#define HAVE_STDBOOL_H 1
#define restrict __restrict
#define HAVE_PTRDIFF_T 1
#define HAVE_STDLIB_H 1
#define HAVE_MALLOC 1
#define MAJOR_IN_SYSMACROS 1
#define HAVE_STDLIB_H 1
#define HAVE_REALLOC 1
#define HAVE_GETHOSTNAME 1
#define HAVE_MEMSET 1
#define HAVE_SELECT 1
#define HAVE_STRCHR 1
#define HAVE_STRSTR 1
#define HAVE_STRTOL 1
#define HAVE_LIBZ 1

configure: exit 1
